\BOOKMARK [1][-]{section.1}{\376\377\000P\000r\000e\000l\000i\000m\000i\000n\000a\000r\000y}{}% 1
\BOOKMARK [2][-]{subsection.1.1}{\376\377\000D\000o\000c\000u\000m\000e\000n\000t\000\040\000C\000o\000n\000t\000r\000o\000l}{section.1}% 2
\BOOKMARK [3][-]{subsubsection.1.1.1}{\376\377\000D\000o\000c\000u\000m\000e\000n\000t\000\040\000I\000n\000f\000o\000r\000m\000a\000t\000i\000o\000n}{subsection.1.1}% 3
\BOOKMARK [3][-]{subsubsection.1.1.2}{\376\377\000V\000e\000r\000s\000i\000o\000n\000\040\000H\000i\000s\000t\000o\000r\000y}{subsection.1.1}% 4
\BOOKMARK [3][-]{subsubsection.1.1.3}{\376\377\000A\000p\000p\000r\000o\000v\000a\000l\000s\000\040\000a\000n\000d\000\040\000S\000i\000g\000n\000-\000O\000f\000f}{subsection.1.1}% 5
\BOOKMARK [2][-]{subsection.1.2}{\376\377\000P\000u\000r\000p\000o\000s\000e}{section.1}% 6
\BOOKMARK [2][-]{subsection.1.3}{\376\377\000S\000c\000o\000p\000e\000\040\000a\000n\000d\000\040\000I\000n\000t\000e\000n\000d\000e\000d\000\040\000U\000s\000e}{section.1}% 7
\BOOKMARK [3][-]{subsubsection.1.3.1}{\376\377\000P\000r\000o\000t\000o\000c\000o\000l\000\040\000S\000c\000o\000p\000e}{subsection.1.3}% 8
\BOOKMARK [3][-]{subsubsection.1.3.2}{\376\377\000I\000m\000a\000g\000i\000n\000g\000\040\000S\000c\000o\000p\000e}{subsection.1.3}% 9
\BOOKMARK [3][-]{subsubsection.1.3.3}{\376\377\000A\000n\000a\000t\000o\000m\000i\000c\000a\000l\000\040\000/\000\040\000M\000e\000a\000s\000u\000r\000e\000m\000e\000n\000t\000\040\000S\000c\000o\000p\000e}{subsection.1.3}% 10
\BOOKMARK [2][-]{subsection.1.4}{\376\377\000G\000o\000v\000e\000r\000n\000a\000n\000c\000e\000,\000\040\000C\000h\000a\000n\000g\000e\000\040\000C\000o\000n\000t\000r\000o\000l\000,\000\040\000a\000n\000d\000\040\000S\000i\000g\000n\000-\000O\000f\000f}{section.1}% 11
\BOOKMARK [3][-]{subsubsection.1.4.1}{\376\377\000P\000r\000o\000t\000o\000c\000o\000l\000\040\000O\000w\000n\000e\000r\000s\000h\000i\000p}{subsection.1.4}% 12
\BOOKMARK [3][-]{subsubsection.1.4.2}{\376\377\000C\000h\000a\000n\000g\000e\000\040\000C\000o\000n\000t\000r\000o\000l}{subsection.1.4}% 13
\BOOKMARK [3][-]{subsubsection.1.4.3}{\376\377\000S\000i\000g\000n\000-\000O\000f\000f\000\040\000R\000u\000l\000e\000s}{subsection.1.4}% 14
\BOOKMARK [1][-]{section.2}{\376\377\000D\000a\000t\000a}{}% 15
\BOOKMARK [2][-]{subsection.2.1}{\376\377\000D\000a\000t\000a\000\040\000S\000o\000u\000r\000c\000e\000s\000\040\000a\000n\000d\000\040\000C\000a\000s\000e\000\040\000S\000e\000l\000e\000c\000t\000i\000o\000n}{section.2}% 16
\BOOKMARK [3][-]{subsubsection.2.1.1}{\376\377\000D\000a\000t\000a\000\040\000S\000o\000u\000r\000c\000e\000s}{subsection.2.1}% 17
\BOOKMARK [3][-]{subsubsection.2.1.2}{\376\377\000C\000a\000s\000e\000\040\000S\000e\000l\000e\000c\000t\000i\000o\000n\000\040\000S\000t\000r\000a\000t\000e\000g\000y}{subsection.2.1}% 18
\BOOKMARK [3][-]{subsubsection.2.1.3}{\376\377\000S\000i\000t\000e\000\040\000a\000n\000d\000\040\000G\000e\000o\000g\000r\000a\000p\000h\000y\000\040\000S\000t\000r\000a\000t\000e\000g\000y}{subsection.2.1}% 19
\BOOKMARK [3][-]{subsubsection.2.1.4}{\376\377\000R\000e\000p\000r\000e\000s\000e\000n\000t\000a\000t\000i\000v\000e\000n\000e\000s\000s\000\040\000T\000a\000r\000g\000e\000t\000s}{subsection.2.1}% 20
\BOOKMARK [3][-]{subsubsection.2.1.5}{\376\377\000C\000o\000h\000o\000r\000t\000\040\000A\000s\000s\000i\000g\000n\000m\000e\000n\000t\000\040\000a\000n\000d\000\040\000I\000n\000d\000e\000p\000e\000n\000d\000e\000n\000c\000e}{subsection.2.1}% 21
\BOOKMARK [3][-]{subsubsection.2.1.6}{\376\377\000S\000e\000q\000u\000e\000s\000t\000r\000a\000t\000i\000o\000n\000\040\000a\000n\000d\000\040\000A\000c\000c\000e\000s\000s\000\040\000R\000e\000s\000t\000r\000i\000c\000t\000i\000o\000n\000s}{subsection.2.1}% 22
\BOOKMARK [3][-]{subsubsection.2.1.7}{\376\377\000C\000a\000s\000e\000\040\000M\000e\000t\000a\000d\000a\000t\000a\000\040\000t\000o\000\040\000R\000e\000c\000o\000r\000d}{subsection.2.1}% 23
\BOOKMARK [2][-]{subsection.2.2}{\376\377\000I\000n\000c\000l\000u\000s\000i\000o\000n\000\040\000a\000n\000d\000\040\000E\000x\000c\000l\000u\000s\000i\000o\000n\000\040\000C\000r\000i\000t\000e\000r\000i\000a}{section.2}% 24
\BOOKMARK [3][-]{subsubsection.2.2.1}{\376\377\000I\000n\000c\000l\000u\000s\000i\000o\000n\000\040\000C\000r\000i\000t\000e\000r\000i\000a}{subsection.2.2}% 25
\BOOKMARK [3][-]{subsubsection.2.2.2}{\376\377\000E\000x\000c\000l\000u\000s\000i\000o\000n\000\040\000C\000r\000i\000t\000e\000r\000i\000a}{subsection.2.2}% 26
\BOOKMARK [3][-]{subsubsection.2.2.3}{\376\377\000E\000l\000i\000g\000i\000b\000i\000l\000i\000t\000y\000\040\000R\000e\000v\000i\000e\000w\000\040\000P\000r\000o\000c\000e\000s\000s}{subsection.2.2}% 27
\BOOKMARK [2][-]{subsection.2.3}{\376\377\000D\000a\000t\000a\000\040\000Q\000u\000a\000l\000i\000t\000y\000\040\000A\000c\000c\000e\000p\000t\000a\000n\000c\000e\000\040\000/\000\040\000R\000e\000j\000e\000c\000t\000i\000o\000n\000\040\000R\000u\000l\000e\000s}{section.2}% 28
\BOOKMARK [3][-]{subsubsection.2.3.1}{\376\377\000I\000m\000a\000g\000e\000\040\000Q\000u\000a\000l\000i\000t\000y\000\040\000R\000e\000q\000u\000i\000r\000e\000m\000e\000n\000t\000s}{subsection.2.3}% 29
\BOOKMARK [3][-]{subsubsection.2.3.2}{\376\377\000A\000n\000a\000t\000o\000m\000i\000c\000a\000l\000\040\000V\000i\000s\000i\000b\000i\000l\000i\000t\000y\000\040\000R\000u\000l\000e\000s}{subsection.2.3}% 30
\BOOKMARK [3][-]{subsubsection.2.3.3}{\376\377\000R\000e\000j\000e\000c\000t\000e\000d\000\040\000C\000a\000s\000e\000\040\000H\000a\000n\000d\000l\000i\000n\000g}{subsection.2.3}% 31
\BOOKMARK [2][-]{subsection.2.4}{\376\377\000D\000a\000t\000a\000s\000e\000t\000\040\000T\000r\000a\000c\000e\000a\000b\000i\000l\000i\000t\000y\000\040\000a\000n\000d\000\040\000V\000e\000r\000s\000i\000o\000n\000\040\000C\000o\000n\000t\000r\000o\000l}{section.2}% 32
\BOOKMARK [3][-]{subsubsection.2.4.1}{\376\377\000T\000r\000a\000c\000e\000a\000b\000i\000l\000i\000t\000y\000\040\000R\000e\000q\000u\000i\000r\000e\000m\000e\000n\000t\000s}{subsection.2.4}% 33
\BOOKMARK [3][-]{subsubsection.2.4.2}{\376\377\000V\000e\000r\000s\000i\000o\000n\000\040\000C\000o\000n\000t\000r\000o\000l}{subsection.2.4}% 34
\BOOKMARK [3][-]{subsubsection.2.4.3}{\376\377\000C\000h\000a\000n\000g\000e\000\040\000L\000o\000g\000g\000i\000n\000g}{subsection.2.4}% 35
\BOOKMARK [1][-]{section.3}{\376\377\000A\000n\000n\000o\000t\000a\000t\000i\000o\000n}{}% 36
\BOOKMARK [2][-]{subsection.3.1}{\376\377\000A\000n\000n\000o\000t\000a\000t\000o\000r\000\040\000Q\000u\000a\000l\000i\000f\000i\000c\000a\000t\000i\000o\000n\000s}{section.3}% 37
\BOOKMARK [3][-]{subsubsection.3.1.1}{\376\377\000A\000n\000n\000o\000t\000a\000t\000o\000r\000\040\000R\000o\000l\000e\000s}{subsection.3.1}% 38
\BOOKMARK [3][-]{subsubsection.3.1.2}{\376\377\000Q\000u\000a\000l\000i\000f\000i\000c\000a\000t\000i\000o\000n\000\040\000R\000e\000q\000u\000i\000r\000e\000m\000e\000n\000t\000s}{subsection.3.1}% 39
\BOOKMARK [2][-]{subsection.3.2}{\376\377\000A\000n\000n\000o\000t\000a\000t\000o\000r\000\040\000T\000r\000a\000i\000n\000i\000n\000g\000\040\000a\000n\000d\000\040\000C\000e\000r\000t\000i\000f\000i\000c\000a\000t\000i\000o\000n}{section.3}% 40
\BOOKMARK [3][-]{subsubsection.3.2.1}{\376\377\000I\000n\000i\000t\000i\000a\000l\000\040\000T\000r\000a\000i\000n\000i\000n\000g}{subsection.3.2}% 41
\BOOKMARK [3][-]{subsubsection.3.2.2}{\376\377\000C\000a\000l\000i\000b\000r\000a\000t\000i\000o\000n}{subsection.3.2}% 42
\BOOKMARK [3][-]{subsubsection.3.2.3}{\376\377\000C\000e\000r\000t\000i\000f\000i\000c\000a\000t\000i\000o\000n\000\040\000a\000n\000d\000\040\000R\000e\000-\000C\000e\000r\000t\000i\000f\000i\000c\000a\000t\000i\000o\000n}{subsection.3.2}% 43
\BOOKMARK [2][-]{subsection.3.3}{\376\377\000A\000n\000n\000o\000t\000a\000t\000i\000o\000n\000\040\000E\000n\000v\000i\000r\000o\000n\000m\000e\000n\000t\000\040\000a\000n\000d\000\040\000G\000e\000n\000e\000r\000a\000l\000\040\000R\000u\000l\000e\000s}{section.3}% 44
\BOOKMARK [3][-]{subsubsection.3.3.1}{\376\377\000A\000n\000n\000o\000t\000a\000t\000i\000o\000n\000\040\000S\000o\000f\000t\000w\000a\000r\000e\000\040\000a\000n\000d\000\040\000D\000i\000s\000p\000l\000a\000y\000\040\000E\000n\000v\000i\000r\000o\000n\000m\000e\000n\000t}{subsection.3.3}% 45
\BOOKMARK [3][-]{subsubsection.3.3.2}{\376\377\000G\000e\000n\000e\000r\000a\000l\000\040\000A\000n\000n\000o\000t\000a\000t\000i\000o\000n\000\040\000P\000r\000i\000n\000c\000i\000p\000l\000e\000s}{subsection.3.3}% 46
\BOOKMARK [2][-]{subsection.3.4}{\376\377\000L\000a\000n\000d\000m\000a\000r\000k\000\040\000D\000i\000c\000t\000i\000o\000n\000a\000r\000y}{section.3}% 47
\BOOKMARK [3][-]{subsubsection.3.4.1}{\376\377\000P\000r\000i\000m\000a\000r\000y\000\040\000L\000a\000n\000d\000m\000a\000r\000k\000s}{subsection.3.4}% 48
\BOOKMARK [3][-]{subsubsection.3.4.2}{\376\377\000D\000e\000r\000i\000v\000e\000d\000\040\000L\000a\000n\000d\000m\000a\000r\000k\000s}{subsection.3.4}% 49
\BOOKMARK [3][-]{subsubsection.3.4.3}{\376\377\000M\000e\000a\000s\000u\000r\000e\000m\000e\000n\000t\000s}{subsection.3.4}% 50
\BOOKMARK [2][-]{subsection.3.5}{\376\377\000A\000n\000n\000o\000t\000a\000t\000i\000o\000n\000\040\000I\000n\000s\000t\000r\000u\000c\000t\000i\000o\000n\000s\000\040\000b\000y\000\040\000L\000a\000n\000d\000m\000a\000r\000k}{section.3}% 51
\BOOKMARK [3][-]{subsubsection.3.5.1}{\376\377\000E\000x\000a\000m\000p\000l\000e\000\040\000L\000a\000n\000d\000m\000a\000r\000k\000\040\000E\000n\000t\000r\000y\000\040\000T\000e\000m\000p\000l\000a\000t\000e}{subsection.3.5}% 52
\BOOKMARK [3][-]{subsubsection.3.5.2}{\376\377\000L\000a\000t\000e\000r\000a\000l\000\040\000I\000n\000n\000o\000m\000i\000n\000a\000t\000e\000\040\000P\000o\000i\000n\000t}{subsection.3.5}% 53
\BOOKMARK [3][-]{subsubsection.3.5.3}{\376\377\000P\000e\000l\000v\000i\000c\000\040\000O\000u\000t\000l\000e\000t\000\040\000D\000i\000a\000m\000e\000t\000e\000r}{subsection.3.5}% 54
\BOOKMARK [3][-]{subsubsection.3.5.4}{\376\377\000P\000e\000l\000v\000i\000c\000\040\000T\000e\000a\000r\000d\000r\000o\000p}{subsection.3.5}% 55
\BOOKMARK [3][-]{subsubsection.3.5.5}{\376\377\000I\000s\000c\000h\000i\000a\000l\000\040\000T\000u\000b\000e\000r\000o\000s\000i\000t\000y}{subsection.3.5}% 56
\BOOKMARK [3][-]{subsubsection.3.5.6}{\376\377\000P\000u\000b\000i\000c\000\040\000S\000y\000m\000p\000h\000y\000s\000i\000s}{subsection.3.5}% 57
\BOOKMARK [3][-]{subsubsection.3.5.7}{\376\377\000D\000i\000s\000t\000a\000l\000\040\000S\000a\000c\000r\000o\000i\000l\000i\000a\000c\000\040\000J\000o\000i\000n\000t}{subsection.3.5}% 58
\BOOKMARK [3][-]{subsubsection.3.5.8}{\376\377\000A\000c\000e\000t\000a\000b\000u\000l\000a\000r\000\040\000C\000e\000n\000t\000e\000r}{subsection.3.5}% 59
\BOOKMARK [3][-]{subsubsection.3.5.9}{\376\377\000S\000u\000p\000e\000r\000i\000o\000r\000/\000L\000a\000t\000e\000r\000a\000l\000\040\000A\000c\000e\000t\000a\000b\000u\000l\000a\000r\000\040\000P\000o\000i\000n\000t}{subsection.3.5}% 60
\BOOKMARK [3][-]{subsubsection.3.5.10}{\376\377\000D\000i\000s\000t\000a\000l\000\040\000A\000c\000e\000t\000a\000b\000u\000l\000a\000r\000\040\000P\000o\000i\000n\000t}{subsection.3.5}% 61
\BOOKMARK [3][-]{subsubsection.3.5.11}{\376\377\000F\000e\000m\000o\000r\000a\000l\000\040\000H\000e\000a\000d\000\040\000C\000e\000n\000t\000e\000r}{subsection.3.5}% 62
\BOOKMARK [3][-]{subsubsection.3.5.12}{\376\377\000S\000u\000p\000e\000r\000i\000o\000r\000\040\000G\000r\000e\000a\000t\000e\000r\000\040\000T\000r\000o\000c\000h\000a\000n\000t\000e\000r}{subsection.3.5}% 63
\BOOKMARK [3][-]{subsubsection.3.5.13}{\376\377\000L\000a\000t\000e\000r\000a\000l\000\040\000G\000r\000e\000a\000t\000e\000r\000\040\000T\000r\000o\000c\000h\000a\000n\000t\000e\000r}{subsection.3.5}% 64
\BOOKMARK [3][-]{subsubsection.3.5.14}{\376\377\000L\000e\000s\000s\000e\000r\000\040\000T\000r\000o\000c\000h\000a\000n\000t\000e\000r}{subsection.3.5}% 65
\BOOKMARK [3][-]{subsubsection.3.5.15}{\376\377\000F\000e\000m\000o\000r\000a\000l\000\040\000A\000x\000i\000s}{subsection.3.5}% 66
\BOOKMARK [2][-]{subsection.3.6}{\376\377\000B\000l\000i\000n\000d\000i\000n\000g\000\040\000a\000n\000d\000\040\000I\000n\000d\000e\000p\000e\000n\000d\000e\000n\000c\000e}{section.3}% 67
\BOOKMARK [3][-]{subsubsection.3.6.1}{\376\377\000B\000l\000i\000n\000d\000i\000n\000g\000\040\000P\000o\000l\000i\000c\000y}{subsection.3.6}% 68
\BOOKMARK [3][-]{subsubsection.3.6.2}{\376\377\000I\000n\000d\000e\000p\000e\000n\000d\000e\000n\000c\000e\000\040\000o\000f\000\040\000R\000e\000a\000d\000s}{subsection.3.6}% 69
\BOOKMARK [2][-]{subsection.3.7}{\376\377\000A\000d\000j\000u\000d\000i\000c\000a\000t\000i\000o\000n\000\040\000a\000n\000d\000\040\000C\000o\000n\000s\000e\000n\000s\000u\000s\000\040\000R\000u\000l\000e\000s}{section.3}% 70
\BOOKMARK [3][-]{subsubsection.3.7.1}{\376\377\000T\000r\000i\000g\000g\000e\000r\000s\000\040\000f\000o\000r\000\040\000R\000e\000v\000i\000e\000w}{subsection.3.7}% 71
\BOOKMARK [3][-]{subsubsection.3.7.2}{\376\377\000A\000d\000j\000u\000d\000i\000c\000a\000t\000i\000o\000n\000\040\000W\000o\000r\000k\000f\000l\000o\000w}{subsection.3.7}% 72
\BOOKMARK [3][-]{subsubsection.3.7.3}{\376\377\000C\000o\000n\000s\000e\000n\000s\000u\000s\000\040\000R\000u\000l\000e\000s}{subsection.3.7}% 73
\BOOKMARK [2][-]{subsection.3.8}{\376\377\000U\000n\000c\000e\000r\000t\000a\000i\000n\000t\000y\000,\000\040\000N\000o\000t\000-\000V\000i\000s\000i\000b\000l\000e\000,\000\040\000a\000n\000d\000\040\000E\000q\000u\000i\000v\000o\000c\000a\000l\000\040\000H\000a\000n\000d\000l\000i\000n\000g}{section.3}% 74
\BOOKMARK [3][-]{subsubsection.3.8.1}{\376\377\000N\000o\000t\000\040\000V\000i\000s\000i\000b\000l\000e}{subsection.3.8}% 75
\BOOKMARK [3][-]{subsubsection.3.8.2}{\376\377\000E\000q\000u\000i\000v\000o\000c\000a\000l\000\040\000C\000a\000s\000e\000s}{subsection.3.8}% 76
\BOOKMARK [3][-]{subsubsection.3.8.3}{\376\377\000C\000o\000n\000f\000i\000d\000e\000n\000c\000e\000\040\000/\000\040\000U\000n\000c\000e\000r\000t\000a\000i\000n\000t\000y\000\040\000C\000a\000p\000t\000u\000r\000e}{subsection.3.8}% 77
\BOOKMARK [2][-]{subsection.3.9}{\376\377\000Q\000C\000\040\000a\000n\000d\000\040\000R\000e\000l\000i\000a\000b\000i\000l\000i\000t\000y\000\040\000A\000s\000s\000e\000s\000s\000m\000e\000n\000t}{section.3}% 78
\BOOKMARK [3][-]{subsubsection.3.9.1}{\376\377\000R\000o\000u\000t\000i\000n\000e\000\040\000Q\000C}{subsection.3.9}% 79
\BOOKMARK [3][-]{subsubsection.3.9.2}{\376\377\000R\000e\000l\000i\000a\000b\000i\000l\000i\000t\000y\000\040\000A\000s\000s\000e\000s\000s\000m\000e\000n\000t}{subsection.3.9}% 80
\BOOKMARK [3][-]{subsubsection.3.9.3}{\376\377\000C\000o\000r\000r\000e\000c\000t\000i\000v\000e\000\040\000A\000c\000t\000i\000o\000n}{subsection.3.9}% 81
\BOOKMARK [2][-]{subsection.3.10}{\376\377\000B\000i\000a\000s\000\040\000a\000n\000d\000\040\000R\000e\000p\000r\000e\000s\000e\000n\000t\000a\000t\000i\000v\000e\000n\000e\000s\000s\000\040\000P\000l\000a\000n}{section.3}% 82
\BOOKMARK [3][-]{subsubsection.3.10.1}{\376\377\000T\000a\000r\000g\000e\000t\000\040\000P\000o\000p\000u\000l\000a\000t\000i\000o\000n\000\040\000R\000e\000p\000r\000e\000s\000e\000n\000t\000a\000t\000i\000o\000n}{subsection.3.10}% 83
\BOOKMARK [3][-]{subsubsection.3.10.2}{\376\377\000M\000o\000n\000i\000t\000o\000r\000i\000n\000g\000\040\000f\000o\000r\000\040\000I\000m\000b\000a\000l\000a\000n\000c\000e}{subsection.3.10}% 84
\BOOKMARK [3][-]{subsubsection.3.10.3}{\376\377\000P\000e\000r\000f\000o\000r\000m\000a\000n\000c\000e\000-\000R\000e\000l\000e\000v\000a\000n\000t\000\040\000S\000u\000b\000g\000r\000o\000u\000p\000s}{subsection.3.10}% 85
